2023-10-09 09:37:22.769 INFO [project,http-nio-9091-exec-10,,]com.fs.dylan.excel.listener.ImportListener.doAfterAllAnalysed:85- 所有数据解析完成！
2023-10-09 10:10:01.926 INFO [project,http-nio-9091-exec-4,,]com.fs.dylan.excel.listener.ImportListener.doAfterAllAnalysed:85- 所有数据解析完成！
2023-10-09 10:37:15.182 INFO [project,xxl-rpc, EmbedServer bizThreadPool-1379591438,,]com.xxl.job.core.executor.XxlJobExecutor.registJobThread:188- >>>>>>>>>>> xxl-job regist JobThread success, jobId:3, handler:com.xxl.job.core.handler.impl.MethodJobHandler@31b67d61[class com.fs.dylan.schedule.DemoBEANSchedule#testSchedule]
2023-10-09 10:38:32.718 INFO [project,xxl-rpc, EmbedServer bizThreadPool-1388929702,,]com.xxl.job.core.executor.XxlJobExecutor.registJobThread:188- >>>>>>>>>>> xxl-job regist JobThread success, jobId:7, handler:com.fs.dylan.schedule.TestBeanClassSchedule@3601549f
2023-10-09 10:38:48.317 INFO [project,Thread-27,,]com.xxl.job.core.thread.JobThread.run:247- >>>>>>>>>>> xxl-job JobThread stoped, hashCode:Thread[Thread-27,10,main]
2023-10-09 10:39:55.464 INFO [project,xxl-rpc, EmbedServer bizThreadPool-182743033,,]com.xxl.job.core.executor.XxlJobExecutor.registJobThread:188- >>>>>>>>>>> xxl-job regist JobThread success, jobId:6, handler:com.xxl.job.core.handler.impl.GlueJobHandler@30a00c7a
2023-10-09 10:40:05.846 INFO [project,Thread-28,,]com.xxl.job.core.thread.JobThread.run:247- >>>>>>>>>>> xxl-job JobThread stoped, hashCode:Thread[Thread-28,10,main]
2023-10-09 10:41:28.598 INFO [project,Thread-29,,]com.xxl.job.core.thread.JobThread.run:247- >>>>>>>>>>> xxl-job JobThread stoped, hashCode:Thread[Thread-29,10,main]
2023-10-09 10:53:38.040 INFO [project,http-nio-9091-exec-8,,]com.fs.dylan.excel.listener.ImportListener.doAfterAllAnalysed:85- 所有数据解析完成！
2023-10-09 11:29:23.416 INFO [project,Thread-17,,]com.xxl.job.core.server.EmbedServer.run:96- >>>>>>>>>>> xxl-job remoting server stop.
2023-10-09 11:29:23.446 INFO [project,xxl-job, executor ExecutorRegistryThread,,]com.xxl.job.core.thread.ExecutorRegistryThread.run:87- >>>>>>>>>>> xxl-job registry-remove success, registryParam:RegistryParam{registryGroup='EXECUTOR', registryKey='project', registryValue='http://192.168.0.110:9988/'}, registryResult:ReturnT [code=200, msg=null, content=null]
2023-10-09 11:29:23.447 INFO [project,xxl-job, executor ExecutorRegistryThread,,]com.xxl.job.core.thread.ExecutorRegistryThread.run:105- >>>>>>>>>>> xxl-job, executor registry thread destory.
2023-10-09 11:29:23.448 INFO [project,SpringApplicationShutdownHook,,]com.xxl.job.core.server.EmbedServer.stop:125- >>>>>>>>>>> xxl-job remoting server destroy success.
2023-10-09 11:29:23.453 INFO [project,xxl-job, executor JobLogFileCleanThread,,]com.xxl.job.core.thread.JobLogFileCleanThread.run:99- >>>>>>>>>>> xxl-job, executor JobLogFileCleanThread thread destory.
2023-10-09 11:29:23.456 INFO [project,xxl-job, executor TriggerCallbackThread,,]com.xxl.job.core.thread.TriggerCallbackThread.run:98- >>>>>>>>>>> xxl-job, executor callback thread destory.
2023-10-09 11:29:23.457 INFO [project,Thread-16,,]com.xxl.job.core.thread.TriggerCallbackThread.run:128- >>>>>>>>>>> xxl-job, executor retry callback thread destory.
2023-10-09 11:29:23.462 INFO [project,SpringApplicationShutdownHook,,]com.alibaba.druid.pool.DruidDataSource.close:2105- {dataSource-1} closing ...
2023-10-09 11:29:23.465 INFO [project,SpringApplicationShutdownHook,,]com.alibaba.druid.pool.DruidDataSource.close:2178- {dataSource-1} closed
2023-10-09 11:29:47.800 INFO [project,background-preinit,,]org.hibernate.validator.internal.util.Version.<clinit>:21- HV000001: Hibernate Validator 6.2.5.Final
2023-10-09 11:29:57.842 INFO [project,main,,]com.fs.dylan.Application.logStarting:55- Starting Application using Java 1.8.0_341 on fs-dylandeMacBook-Air.local with PID 26620 (/Users/fs-dylan/java_project/dylan/interface/target/classes started by fs-dylan in /Users/fs-dylan/java_project/dylan)
2023-10-09 11:29:57.846 INFO [project,main,,]com.fs.dylan.Application.logStartupProfileInfo:637- The following 1 profile is active: "dev"
2023-10-09 11:29:59.011 INFO [project,main,,]org.springframework.data.repository.config.RepositoryConfigurationDelegate.multipleStoresDetected:262- Multiple Spring Data modules found, entering strict repository configuration mode
2023-10-09 11:29:59.014 INFO [project,main,,]org.springframework.data.repository.config.RepositoryConfigurationDelegate.registerRepositoriesIn:132- Bootstrapping Spring Data Redis repositories in DEFAULT mode.
2023-10-09 11:29:59.042 INFO [project,main,,]org.springframework.data.repository.config.RepositoryConfigurationDelegate.registerRepositoriesIn:201- Finished Spring Data repository scanning in 17 ms. Found 0 Redis repository interfaces.
2023-10-09 11:29:59.964 INFO [project,main,,]org.springframework.boot.web.embedded.tomcat.TomcatWebServer.initialize:108- Tomcat initialized with port(s): 9091 (http)
2023-10-09 11:29:59.970 INFO [project,main,,]org.apache.coyote.http11.Http11NioProtocol.log:173- Initializing ProtocolHandler ["http-nio-9091"]
2023-10-09 11:29:59.971 INFO [project,main,,]org.apache.catalina.core.StandardService.log:173- Starting service [Tomcat]
2023-10-09 11:29:59.972 INFO [project,main,,]org.apache.catalina.core.StandardEngine.log:173- Starting Servlet engine: [Apache Tomcat/9.0.71]
2023-10-09 11:30:00.098 INFO [project,main,,]org.apache.catalina.core.ContainerBase.[Tomcat].[localhost].[/].log:173- Initializing Spring embedded WebApplicationContext
2023-10-09 11:30:00.099 INFO [project,main,,]org.springframework.boot.web.servlet.context.ServletWebServerApplicationContext.prepareWebApplicationContext:292- Root WebApplicationContext: initialization completed in 2018 ms
2023-10-09 11:30:00.713 INFO [project,main,,]com.alibaba.druid.spring.boot.autoconfigure.DruidDataSourceAutoConfigure.dataSource:55- Init DruidDataSource
2023-10-09 11:30:00.800 INFO [project,main,,]com.alibaba.druid.pool.DruidDataSource.init:985- {dataSource-1} inited
2023-10-09 11:30:21.890 INFO [project,main,,]com.fs.dylan.config.XxlJobConfig.xxlJobExecutor:48- >>>>>>>>>>> xxl-job config init.
2023-10-09 11:30:21.891 INFO [project,main,,]com.xxl.job.core.executor.XxlJobExecutor.registJobHandler:178- >>>>>>>>>>> xxl-job register jobhandler success, name:testBeanClassJob, jobHandler:com.fs.dylan.schedule.TestBeanClassSchedule@5a537a16
2023-10-09 11:30:22.670 INFO [project,main,,]com.xxl.job.core.executor.XxlJobExecutor.registJobHandler:178- >>>>>>>>>>> xxl-job register jobhandler success, name:job_test, jobHandler:com.xxl.job.core.handler.impl.MethodJobHandler@472dbaf5[class com.fs.dylan.schedule.DemoBEANSchedule#testSchedule]
2023-10-09 11:30:27.776 INFO [project,main,,]org.apache.coyote.http11.Http11NioProtocol.log:173- Starting ProtocolHandler ["http-nio-9091"]
2023-10-09 11:30:27.795 INFO [project,main,,]org.springframework.boot.web.embedded.tomcat.TomcatWebServer.start:220- Tomcat started on port(s): 9091 (http) with context path ''
2023-10-09 11:30:28.069 INFO [project,main,,]com.fs.dylan.Application.logStarted:61- Started Application in 50.934 seconds (JVM running for 57.334)
2023-10-09 11:30:32.864 INFO [project,Thread-103,,]com.xxl.job.core.server.EmbedServer.run:86- >>>>>>>>>>> xxl-job remoting server start success, nettype = class com.xxl.job.core.server.EmbedServer, port = 9988
2023-10-09 11:37:22.865 INFO [project,http-nio-9091-exec-1,,]org.apache.catalina.core.ContainerBase.[Tomcat].[localhost].[/].log:173- Initializing Spring DispatcherServlet 'dispatcherServlet'
2023-10-09 11:37:22.867 INFO [project,http-nio-9091-exec-1,,]org.springframework.web.servlet.DispatcherServlet.initServletBean:525- Initializing Servlet 'dispatcherServlet'
2023-10-09 11:37:22.873 INFO [project,http-nio-9091-exec-1,,]org.springframework.web.servlet.DispatcherServlet.initServletBean:547- Completed initialization in 6 ms
2023-10-09 11:37:33.325 INFO [project,xxl-job, executor ExecutorRegistryThread,,]com.xxl.job.core.thread.ExecutorRegistryThread.run:54- >>>>>>>>>>> xxl-job registry fail, registryParam:RegistryParam{registryGroup='EXECUTOR', registryKey='project', registryValue='http://10.33.49.30:9988/'}, registryResult:ReturnT [code=500, msg=xxl-rpc remoting error(Connection refused (Connection refused)), for url : http://localhost:8080/xxl-job-admin/api/registry, content=null]
2023-10-09 11:38:03.335 INFO [project,xxl-job, executor ExecutorRegistryThread,,]com.xxl.job.core.thread.ExecutorRegistryThread.run:54- >>>>>>>>>>> xxl-job registry fail, registryParam:RegistryParam{registryGroup='EXECUTOR', registryKey='project', registryValue='http://10.33.49.30:9988/'}, registryResult:ReturnT [code=500, msg=xxl-rpc remoting error(Connection refused (Connection refused)), for url : http://localhost:8080/xxl-job-admin/api/registry, content=null]
2023-10-09 11:38:33.350 INFO [project,xxl-job, executor ExecutorRegistryThread,,]com.xxl.job.core.thread.ExecutorRegistryThread.run:54- >>>>>>>>>>> xxl-job registry fail, registryParam:RegistryParam{registryGroup='EXECUTOR', registryKey='project', registryValue='http://10.33.49.30:9988/'}, registryResult:ReturnT [code=500, msg=xxl-rpc remoting error(Connection refused (Connection refused)), for url : http://localhost:8080/xxl-job-admin/api/registry, content=null]
2023-10-09 11:39:03.361 INFO [project,xxl-job, executor ExecutorRegistryThread,,]com.xxl.job.core.thread.ExecutorRegistryThread.run:54- >>>>>>>>>>> xxl-job registry fail, registryParam:RegistryParam{registryGroup='EXECUTOR', registryKey='project', registryValue='http://10.33.49.30:9988/'}, registryResult:ReturnT [code=500, msg=xxl-rpc remoting error(Connection refused (Connection refused)), for url : http://localhost:8080/xxl-job-admin/api/registry, content=null]
2023-10-09 11:39:05.014 INFO [project,Thread-103,,]com.xxl.job.core.server.EmbedServer.run:96- >>>>>>>>>>> xxl-job remoting server stop.
2023-10-09 11:39:05.016 INFO [project,xxl-job, executor ExecutorRegistryThread,,]com.xxl.job.core.thread.ExecutorRegistryThread.run:90- >>>>>>>>>>> xxl-job registry-remove fail, registryParam:RegistryParam{registryGroup='EXECUTOR', registryKey='project', registryValue='http://10.33.49.30:9988/'}, registryResult:ReturnT [code=500, msg=xxl-rpc remoting error(Connection refused (Connection refused)), for url : http://localhost:8080/xxl-job-admin/api/registryRemove, content=null]
2023-10-09 11:39:05.017 INFO [project,xxl-job, executor ExecutorRegistryThread,,]com.xxl.job.core.thread.ExecutorRegistryThread.run:105- >>>>>>>>>>> xxl-job, executor registry thread destory.
2023-10-09 11:39:05.017 INFO [project,SpringApplicationShutdownHook,,]com.xxl.job.core.server.EmbedServer.stop:125- >>>>>>>>>>> xxl-job remoting server destroy success.
2023-10-09 11:39:05.017 INFO [project,xxl-job, executor JobLogFileCleanThread,,]com.xxl.job.core.thread.JobLogFileCleanThread.run:99- >>>>>>>>>>> xxl-job, executor JobLogFileCleanThread thread destory.
2023-10-09 11:39:05.018 INFO [project,xxl-job, executor TriggerCallbackThread,,]com.xxl.job.core.thread.TriggerCallbackThread.run:98- >>>>>>>>>>> xxl-job, executor callback thread destory.
2023-10-09 11:39:05.018 INFO [project,Thread-92,,]com.xxl.job.core.thread.TriggerCallbackThread.run:128- >>>>>>>>>>> xxl-job, executor retry callback thread destory.
2023-10-09 11:39:05.024 INFO [project,SpringApplicationShutdownHook,,]com.alibaba.druid.pool.DruidDataSource.close:2105- {dataSource-1} closing ...
2023-10-09 11:39:05.033 INFO [project,SpringApplicationShutdownHook,,]com.alibaba.druid.pool.DruidDataSource.close:2178- {dataSource-1} closed
